2020-10-14 17:41:30.042 [main] INFO  cn.song.hongwei.HongweiApplicationTests - Starting HongweiApplicationTests on LAPTOP-K1CFPGNS with PID 14644 (started by GZ in D:\Users\96212\IdeaProjects\hongwei)
2020-10-14 17:41:30.047 [main] INFO  cn.song.hongwei.HongweiApplicationTests - No active profile set, falling back to default profiles: default
2020-10-14 17:41:30.891 [main] INFO  org.springframework.data.repository.config.RepositoryConfigurationDelegate - Bootstrapping Spring Data repositories in DEFAULT mode.
2020-10-14 17:41:30.921 [main] INFO  org.springframework.data.repository.config.RepositoryConfigurationDelegate - Finished Spring Data repository scanning in 15ms. Found 0 repository interfaces.
2020-10-14 17:41:31.396 [main] INFO  org.springframework.context.support.PostProcessorRegistrationDelegate$BeanPostProcessorChecker - Bean 'org.springframework.transaction.annotation.ProxyTransactionManagementConfiguration' of type [org.springframework.transaction.annotation.ProxyTransactionManagementConfiguration$$EnhancerBySpringCGLIB$$903421] is not eligible for getting processed by all BeanPostProcessors (for example: not eligible for auto-proxying)
2020-10-14 17:41:32.671 [main] INFO  org.springframework.scheduling.concurrent.ThreadPoolTaskExecutor - Initializing ExecutorService 'applicationTaskExecutor'
2020-10-14 17:41:33.014 [main] INFO  org.springframework.boot.autoconfigure.web.servlet.WelcomePageHandlerMapping - Adding welcome page: class path resource [static/index.html]
2020-10-14 17:41:33.682 [main] INFO  cn.song.hongwei.HongweiApplicationTests - Started HongweiApplicationTests in 4.358 seconds (JVM running for 6.08)
2020-10-14 17:41:33.968 [Thread-2] INFO  org.springframework.scheduling.concurrent.ThreadPoolTaskExecutor - Shutting down ExecutorService 'applicationTaskExecutor'
2020-10-14 17:42:11.815 [main] INFO  cn.song.hongwei.mapper.UserMapperTests - Starting UserMapperTests on LAPTOP-K1CFPGNS with PID 3860 (started by GZ in D:\Users\96212\IdeaProjects\hongwei)
2020-10-14 17:42:11.817 [main] INFO  cn.song.hongwei.mapper.UserMapperTests - No active profile set, falling back to default profiles: default
2020-10-14 17:42:12.911 [main] INFO  org.springframework.data.repository.config.RepositoryConfigurationDelegate - Bootstrapping Spring Data repositories in DEFAULT mode.
2020-10-14 17:42:12.955 [main] INFO  org.springframework.data.repository.config.RepositoryConfigurationDelegate - Finished Spring Data repository scanning in 19ms. Found 0 repository interfaces.
2020-10-14 17:42:13.519 [main] INFO  org.springframework.context.support.PostProcessorRegistrationDelegate$BeanPostProcessorChecker - Bean 'org.springframework.transaction.annotation.ProxyTransactionManagementConfiguration' of type [org.springframework.transaction.annotation.ProxyTransactionManagementConfiguration$$EnhancerBySpringCGLIB$$70cc5e82] is not eligible for getting processed by all BeanPostProcessors (for example: not eligible for auto-proxying)
2020-10-14 17:42:14.878 [main] INFO  org.springframework.scheduling.concurrent.ThreadPoolTaskExecutor - Initializing ExecutorService 'applicationTaskExecutor'
2020-10-14 17:42:15.205 [main] INFO  org.springframework.boot.autoconfigure.web.servlet.WelcomePageHandlerMapping - Adding welcome page: class path resource [static/index.html]
2020-10-14 17:42:15.625 [main] INFO  cn.song.hongwei.mapper.UserMapperTests - Started UserMapperTests in 4.506 seconds (JVM running for 5.875)
2020-10-14 17:42:15.912 [main] INFO  com.zaxxer.hikari.HikariDataSource - HikariPool-1 - Starting...
2020-10-14 17:42:17.636 [main] INFO  com.zaxxer.hikari.HikariDataSource - HikariPool-1 - Start completed.
2020-10-14 17:42:17.728 [Thread-2] INFO  org.springframework.scheduling.concurrent.ThreadPoolTaskExecutor - Shutting down ExecutorService 'applicationTaskExecutor'
2020-10-14 17:42:17.730 [Thread-2] INFO  com.zaxxer.hikari.HikariDataSource - HikariPool-1 - Shutdown initiated...
2020-10-14 17:42:17.735 [Thread-2] INFO  com.zaxxer.hikari.HikariDataSource - HikariPool-1 - Shutdown completed.
2020-10-14 17:43:11.117 [main] INFO  cn.song.hongwei.mapper.UserMapperTests - Starting UserMapperTests on LAPTOP-K1CFPGNS with PID 8184 (started by GZ in D:\Users\96212\IdeaProjects\hongwei)
2020-10-14 17:43:11.117 [main] INFO  cn.song.hongwei.mapper.UserMapperTests - No active profile set, falling back to default profiles: default
2020-10-14 17:43:12.115 [main] INFO  org.springframework.data.repository.config.RepositoryConfigurationDelegate - Bootstrapping Spring Data repositories in DEFAULT mode.
2020-10-14 17:43:12.150 [main] INFO  org.springframework.data.repository.config.RepositoryConfigurationDelegate - Finished Spring Data repository scanning in 15ms. Found 0 repository interfaces.
2020-10-14 17:43:12.639 [main] INFO  org.springframework.context.support.PostProcessorRegistrationDelegate$BeanPostProcessorChecker - Bean 'org.springframework.transaction.annotation.ProxyTransactionManagementConfiguration' of type [org.springframework.transaction.annotation.ProxyTransactionManagementConfiguration$$EnhancerBySpringCGLIB$$ec1d9687] is not eligible for getting processed by all BeanPostProcessors (for example: not eligible for auto-proxying)
2020-10-14 17:43:13.943 [main] INFO  org.springframework.scheduling.concurrent.ThreadPoolTaskExecutor - Initializing ExecutorService 'applicationTaskExecutor'
2020-10-14 17:43:14.261 [main] INFO  org.springframework.boot.autoconfigure.web.servlet.WelcomePageHandlerMapping - Adding welcome page: class path resource [static/index.html]
2020-10-14 17:43:14.687 [main] INFO  cn.song.hongwei.mapper.UserMapperTests - Started UserMapperTests in 4.257 seconds (JVM running for 5.772)
2020-10-14 17:43:15.003 [main] INFO  com.zaxxer.hikari.HikariDataSource - HikariPool-1 - Starting...
2020-10-14 17:43:17.029 [main] INFO  com.zaxxer.hikari.HikariDataSource - HikariPool-1 - Start completed.
2020-10-14 17:43:17.118 [Thread-2] INFO  org.springframework.scheduling.concurrent.ThreadPoolTaskExecutor - Shutting down ExecutorService 'applicationTaskExecutor'
2020-10-14 17:43:17.119 [Thread-2] INFO  com.zaxxer.hikari.HikariDataSource - HikariPool-1 - Shutdown initiated...
2020-10-14 17:43:17.126 [Thread-2] INFO  com.zaxxer.hikari.HikariDataSource - HikariPool-1 - Shutdown completed.
2020-10-14 17:48:40.207 [main] INFO  cn.song.hongwei.mapper.UserMapperTests - Starting UserMapperTests on LAPTOP-K1CFPGNS with PID 3708 (started by GZ in D:\Users\96212\IdeaProjects\hongwei)
2020-10-14 17:48:40.209 [main] INFO  cn.song.hongwei.mapper.UserMapperTests - No active profile set, falling back to default profiles: default
2020-10-14 17:48:41.175 [main] INFO  org.springframework.data.repository.config.RepositoryConfigurationDelegate - Bootstrapping Spring Data repositories in DEFAULT mode.
2020-10-14 17:48:41.207 [main] INFO  org.springframework.data.repository.config.RepositoryConfigurationDelegate - Finished Spring Data repository scanning in 13ms. Found 0 repository interfaces.
2020-10-14 17:48:41.687 [main] INFO  org.springframework.context.support.PostProcessorRegistrationDelegate$BeanPostProcessorChecker - Bean 'org.springframework.transaction.annotation.ProxyTransactionManagementConfiguration' of type [org.springframework.transaction.annotation.ProxyTransactionManagementConfiguration$$EnhancerBySpringCGLIB$$296415c3] is not eligible for getting processed by all BeanPostProcessors (for example: not eligible for auto-proxying)
2020-10-14 17:48:42.978 [main] INFO  org.springframework.scheduling.concurrent.ThreadPoolTaskExecutor - Initializing ExecutorService 'applicationTaskExecutor'
2020-10-14 17:48:43.304 [main] INFO  org.springframework.boot.autoconfigure.web.servlet.WelcomePageHandlerMapping - Adding welcome page: class path resource [static/index.html]
2020-10-14 17:48:43.901 [main] INFO  cn.song.hongwei.mapper.UserMapperTests - Started UserMapperTests in 4.413 seconds (JVM running for 5.927)
2020-10-14 17:48:44.225 [Thread-2] INFO  org.springframework.scheduling.concurrent.ThreadPoolTaskExecutor - Shutting down ExecutorService 'applicationTaskExecutor'
2020-10-14 17:49:29.296 [main] INFO  cn.song.hongwei.mapper.UserMapperTests - Starting UserMapperTests on LAPTOP-K1CFPGNS with PID 8820 (started by GZ in D:\Users\96212\IdeaProjects\hongwei)
2020-10-14 17:49:29.298 [main] INFO  cn.song.hongwei.mapper.UserMapperTests - No active profile set, falling back to default profiles: default
2020-10-14 17:49:30.392 [main] INFO  org.springframework.data.repository.config.RepositoryConfigurationDelegate - Bootstrapping Spring Data repositories in DEFAULT mode.
2020-10-14 17:49:30.423 [main] INFO  org.springframework.data.repository.config.RepositoryConfigurationDelegate - Finished Spring Data repository scanning in 16ms. Found 0 repository interfaces.
2020-10-14 17:49:30.916 [main] INFO  org.springframework.context.support.PostProcessorRegistrationDelegate$BeanPostProcessorChecker - Bean 'org.springframework.transaction.annotation.ProxyTransactionManagementConfiguration' of type [org.springframework.transaction.annotation.ProxyTransactionManagementConfiguration$$EnhancerBySpringCGLIB$$58b69901] is not eligible for getting processed by all BeanPostProcessors (for example: not eligible for auto-proxying)
2020-10-14 17:49:32.338 [main] INFO  org.springframework.scheduling.concurrent.ThreadPoolTaskExecutor - Initializing ExecutorService 'applicationTaskExecutor'
2020-10-14 17:49:32.736 [main] INFO  org.springframework.boot.autoconfigure.web.servlet.WelcomePageHandlerMapping - Adding welcome page: class path resource [static/index.html]
2020-10-14 17:49:33.176 [main] INFO  cn.song.hongwei.mapper.UserMapperTests - Started UserMapperTests in 4.693 seconds (JVM running for 6.105)
2020-10-14 17:49:33.539 [Thread-2] INFO  org.springframework.scheduling.concurrent.ThreadPoolTaskExecutor - Shutting down ExecutorService 'applicationTaskExecutor'
2020-10-14 17:55:22.486 [main] INFO  cn.song.hongwei.mapper.UserMapperTests - Starting UserMapperTests on LAPTOP-K1CFPGNS with PID 16260 (started by GZ in D:\Users\96212\IdeaProjects\hongwei)
2020-10-14 17:55:22.488 [main] INFO  cn.song.hongwei.mapper.UserMapperTests - No active profile set, falling back to default profiles: default
2020-10-14 17:55:23.531 [main] INFO  org.springframework.data.repository.config.RepositoryConfigurationDelegate - Bootstrapping Spring Data repositories in DEFAULT mode.
2020-10-14 17:55:23.570 [main] INFO  org.springframework.data.repository.config.RepositoryConfigurationDelegate - Finished Spring Data repository scanning in 15ms. Found 0 repository interfaces.
2020-10-14 17:55:24.057 [main] INFO  org.springframework.context.support.PostProcessorRegistrationDelegate$BeanPostProcessorChecker - Bean 'org.springframework.transaction.annotation.ProxyTransactionManagementConfiguration' of type [org.springframework.transaction.annotation.ProxyTransactionManagementConfiguration$$EnhancerBySpringCGLIB$$58b69901] is not eligible for getting processed by all BeanPostProcessors (for example: not eligible for auto-proxying)
2020-10-14 17:55:25.325 [main] INFO  org.springframework.scheduling.concurrent.ThreadPoolTaskExecutor - Initializing ExecutorService 'applicationTaskExecutor'
2020-10-14 17:55:25.654 [main] INFO  org.springframework.boot.autoconfigure.web.servlet.WelcomePageHandlerMapping - Adding welcome page: class path resource [static/index.html]
2020-10-14 17:55:26.118 [main] INFO  cn.song.hongwei.mapper.UserMapperTests - Started UserMapperTests in 4.339 seconds (JVM running for 5.886)
2020-10-14 17:55:26.451 [Thread-2] INFO  org.springframework.scheduling.concurrent.ThreadPoolTaskExecutor - Shutting down ExecutorService 'applicationTaskExecutor'
2020-10-14 18:03:26.785 [main] INFO  cn.song.hongwei.mapper.UserMapperTests - Starting UserMapperTests on LAPTOP-K1CFPGNS with PID 13184 (started by GZ in D:\Users\96212\IdeaProjects\hongwei)
2020-10-14 18:03:26.787 [main] INFO  cn.song.hongwei.mapper.UserMapperTests - No active profile set, falling back to default profiles: default
2020-10-14 18:03:27.776 [main] INFO  org.springframework.data.repository.config.RepositoryConfigurationDelegate - Bootstrapping Spring Data repositories in DEFAULT mode.
2020-10-14 18:03:27.809 [main] INFO  org.springframework.data.repository.config.RepositoryConfigurationDelegate - Finished Spring Data repository scanning in 13ms. Found 0 repository interfaces.
2020-10-14 18:03:28.304 [main] INFO  org.springframework.context.support.PostProcessorRegistrationDelegate$BeanPostProcessorChecker - Bean 'org.springframework.transaction.annotation.ProxyTransactionManagementConfiguration' of type [org.springframework.transaction.annotation.ProxyTransactionManagementConfiguration$$EnhancerBySpringCGLIB$$58b69901] is not eligible for getting processed by all BeanPostProcessors (for example: not eligible for auto-proxying)
2020-10-14 18:03:29.582 [main] INFO  org.springframework.scheduling.concurrent.ThreadPoolTaskExecutor - Initializing ExecutorService 'applicationTaskExecutor'
2020-10-14 18:03:29.915 [main] INFO  org.springframework.boot.autoconfigure.web.servlet.WelcomePageHandlerMapping - Adding welcome page: class path resource [static/index.html]
2020-10-14 18:03:30.605 [main] INFO  cn.song.hongwei.mapper.UserMapperTests - Started UserMapperTests in 4.518 seconds (JVM running for 6.146)
2020-10-14 18:03:30.971 [main] INFO  com.zaxxer.hikari.HikariDataSource - HikariPool-1 - Starting...
2020-10-14 18:03:32.771 [main] INFO  com.zaxxer.hikari.HikariDataSource - HikariPool-1 - Start completed.
2020-10-14 18:03:32.952 [Thread-2] INFO  org.springframework.scheduling.concurrent.ThreadPoolTaskExecutor - Shutting down ExecutorService 'applicationTaskExecutor'
2020-10-14 18:03:32.954 [Thread-2] INFO  com.zaxxer.hikari.HikariDataSource - HikariPool-1 - Shutdown initiated...
2020-10-14 18:03:32.975 [Thread-2] INFO  com.zaxxer.hikari.HikariDataSource - HikariPool-1 - Shutdown completed.
2020-10-14 18:05:06.695 [main] INFO  cn.song.hongwei.mapper.UserMapperTests - Starting UserMapperTests on LAPTOP-K1CFPGNS with PID 19068 (started by GZ in D:\Users\96212\IdeaProjects\hongwei)
2020-10-14 18:05:06.697 [main] INFO  cn.song.hongwei.mapper.UserMapperTests - No active profile set, falling back to default profiles: default
2020-10-14 18:05:07.856 [main] INFO  org.springframework.data.repository.config.RepositoryConfigurationDelegate - Bootstrapping Spring Data repositories in DEFAULT mode.
2020-10-14 18:05:07.891 [main] INFO  org.springframework.data.repository.config.RepositoryConfigurationDelegate - Finished Spring Data repository scanning in 15ms. Found 0 repository interfaces.
2020-10-14 18:05:08.369 [main] INFO  org.springframework.context.support.PostProcessorRegistrationDelegate$BeanPostProcessorChecker - Bean 'org.springframework.transaction.annotation.ProxyTransactionManagementConfiguration' of type [org.springframework.transaction.annotation.ProxyTransactionManagementConfiguration$$EnhancerBySpringCGLIB$$e2c80ede] is not eligible for getting processed by all BeanPostProcessors (for example: not eligible for auto-proxying)
2020-10-14 18:05:09.703 [main] INFO  org.springframework.scheduling.concurrent.ThreadPoolTaskExecutor - Initializing ExecutorService 'applicationTaskExecutor'
2020-10-14 18:05:10.037 [main] INFO  org.springframework.boot.autoconfigure.web.servlet.WelcomePageHandlerMapping - Adding welcome page: class path resource [static/index.html]
2020-10-14 18:05:10.476 [main] INFO  cn.song.hongwei.mapper.UserMapperTests - Started UserMapperTests in 4.544 seconds (JVM running for 5.919)
2020-10-14 18:05:10.797 [main] INFO  com.zaxxer.hikari.HikariDataSource - HikariPool-1 - Starting...
2020-10-14 18:05:12.630 [main] INFO  com.zaxxer.hikari.HikariDataSource - HikariPool-1 - Start completed.
2020-10-14 18:05:12.785 [Thread-2] INFO  org.springframework.scheduling.concurrent.ThreadPoolTaskExecutor - Shutting down ExecutorService 'applicationTaskExecutor'
2020-10-14 18:05:12.789 [Thread-2] INFO  com.zaxxer.hikari.HikariDataSource - HikariPool-1 - Shutdown initiated...
2020-10-14 18:05:12.811 [Thread-2] INFO  com.zaxxer.hikari.HikariDataSource - HikariPool-1 - Shutdown completed.
2020-10-14 18:06:26.246 [main] INFO  cn.song.hongwei.mapper.UserMapperTests - Starting UserMapperTests on LAPTOP-K1CFPGNS with PID 11828 (started by GZ in D:\Users\96212\IdeaProjects\hongwei)
2020-10-14 18:06:26.249 [main] INFO  cn.song.hongwei.mapper.UserMapperTests - No active profile set, falling back to default profiles: default
2020-10-14 18:06:27.428 [main] INFO  org.springframework.data.repository.config.RepositoryConfigurationDelegate - Bootstrapping Spring Data repositories in DEFAULT mode.
2020-10-14 18:06:27.462 [main] INFO  org.springframework.data.repository.config.RepositoryConfigurationDelegate - Finished Spring Data repository scanning in 15ms. Found 0 repository interfaces.
2020-10-14 18:06:27.961 [main] INFO  org.springframework.context.support.PostProcessorRegistrationDelegate$BeanPostProcessorChecker - Bean 'org.springframework.transaction.annotation.ProxyTransactionManagementConfiguration' of type [org.springframework.transaction.annotation.ProxyTransactionManagementConfiguration$$EnhancerBySpringCGLIB$$ec1d9687] is not eligible for getting processed by all BeanPostProcessors (for example: not eligible for auto-proxying)
2020-10-14 18:06:29.227 [main] INFO  org.springframework.scheduling.concurrent.ThreadPoolTaskExecutor - Initializing ExecutorService 'applicationTaskExecutor'
2020-10-14 18:06:29.592 [main] INFO  org.springframework.boot.autoconfigure.web.servlet.WelcomePageHandlerMapping - Adding welcome page: class path resource [static/index.html]
2020-10-14 18:06:30.007 [main] INFO  cn.song.hongwei.mapper.UserMapperTests - Started UserMapperTests in 4.485 seconds (JVM running for 5.848)
2020-10-14 18:06:30.311 [main] INFO  com.zaxxer.hikari.HikariDataSource - HikariPool-1 - Starting...
2020-10-14 18:06:32.054 [main] INFO  com.zaxxer.hikari.HikariDataSource - HikariPool-1 - Start completed.
2020-10-14 18:06:32.212 [Thread-2] INFO  org.springframework.scheduling.concurrent.ThreadPoolTaskExecutor - Shutting down ExecutorService 'applicationTaskExecutor'
2020-10-14 18:06:32.215 [Thread-2] INFO  com.zaxxer.hikari.HikariDataSource - HikariPool-1 - Shutdown initiated...
2020-10-14 18:06:32.242 [Thread-2] INFO  com.zaxxer.hikari.HikariDataSource - HikariPool-1 - Shutdown completed.
